#
# There is insufficient memory for the Java Runtime Environment to continue.
# Native memory allocation (malloc) failed to allocate 32744 bytes for ChunkPool::allocate
# Possible reasons:
#   The system is out of physical RAM or swap space
#   In 32 bit mode, the process size limit was hit
# Possible solutions:
#   Reduce memory load on the system
#   Increase physical memory or swap space
#   Check if swap backing store is full
#   Use 64 bit Java on a 64 bit OS
#   Decrease Java heap size (-Xmx/-Xms)
#   Decrease number of Java threads
#   Decrease Java thread stack sizes (-Xss)
#   Set larger code cache with -XX:ReservedCodeCacheSize=
# This output file may be truncated or incomplete.
#
#  Out of Memory Error (allocation.cpp:273), pid=52024, tid=0x000000000000d284
#
# JRE version: Java(TM) SE Runtime Environment (8.0_121-b13) (build 1.8.0_121-b13)
# Java VM: Java HotSpot(TM) 64-Bit Server VM (25.121-b13 mixed mode windows-amd64 compressed oops)
# Failed to write core dump. Minidumps are not enabled by default on client versions of Windows
#

---------------  T H R E A D  ---------------

Current thread (0x0000000019778000):  JavaThread "background-preinit" [_thread_in_vm, id=53892, stack(0x000000001aa40000,0x000000001ab40000)]

Stack: [0x000000001aa40000,0x000000001ab40000]
[error occurred during error reporting (printing stack bounds), id 0xc0000005]

Native frames: (J=compiled Java code, j=interpreted, Vv=VM code, C=native code)

Java frames: (J=compiled Java code, j=interpreted, Vv=VM code)
J 874  java.lang.ClassLoader.defineClass1(Ljava/lang/String;[BIILjava/security/ProtectionDomain;Ljava/lang/String;)Ljava/lang/Class; (0 bytes) @ 0x0000000002c3d01f [0x0000000002c3cf80+0x9f]
J 739 C1 java.lang.ClassLoader.defineClass(Ljava/lang/String;[BIILjava/security/ProtectionDomain;)Ljava/lang/Class; (43 bytes) @ 0x0000000002c097dc [0x0000000002c096e0+0xfc]
J 741 C1 java.net.URLClassLoader.defineClass(Ljava/lang/String;Lsun/misc/Resource;)Ljava/lang/Class; (142 bytes) @ 0x0000000002c0b94c [0x0000000002c0af80+0x9cc]
J 681 C1 java.net.URLClassLoader$1.run()Ljava/lang/Class; (63 bytes) @ 0x0000000002befa74 [0x0000000002bef9c0+0xb4]
J 680 C1 java.net.URLClassLoader$1.run()Ljava/lang/Object; (5 bytes) @ 0x0000000002bef694 [0x0000000002bef660+0x34]
v  ~StubRoutines::call_stub
J 559  java.security.AccessController.doPrivileged(Ljava/security/PrivilegedExceptionAction;Ljava/security/AccessControlContext;)Ljava/lang/Object; (0 bytes) @ 0x0000000002bb5766 [0x0000000002bb5700+0x66]
J 624 C1 java.net.URLClassLoader.findClass(Ljava/lang/String;)Ljava/lang/Class; (47 bytes) @ 0x0000000002bd91f4 [0x0000000002bd9140+0xb4]
J 520 C1 java.lang.ClassLoader.loadClass(Ljava/lang/String;Z)Ljava/lang/Class; (122 bytes) @ 0x0000000002ba5a64 [0x0000000002ba5760+0x304]
J 587 C1 sun.misc.Launcher$AppClassLoader.loadClass(Ljava/lang/String;Z)Ljava/lang/Class; (85 bytes) @ 0x0000000002bc3d44 [0x0000000002bc3a60+0x2e4]
J 585 C1 java.lang.ClassLoader.loadClass(Ljava/lang/String;)Ljava/lang/Class; (7 bytes) @ 0x0000000002bc3724 [0x0000000002bc36e0+0x44]
v  ~StubRoutines::call_stub
J 874  java.lang.ClassLoader.defineClass1(Ljava/lang/String;[BIILjava/security/ProtectionDomain;Ljava/lang/String;)Ljava/lang/Class; (0 bytes) @ 0x0000000002c3d01f [0x0000000002c3cf80+0x9f]
J 739 C1 java.lang.ClassLoader.defineClass(Ljava/lang/String;[BIILjava/security/ProtectionDomain;)Ljava/lang/Class; (43 bytes) @ 0x0000000002c097dc [0x0000000002c096e0+0xfc]
J 741 C1 java.net.URLClassLoader.defineClass(Ljava/lang/String;Lsun/misc/Resource;)Ljava/lang/Class; (142 bytes) @ 0x0000000002c0b94c [0x0000000002c0af80+0x9cc]
J 681 C1 java.net.URLClassLoader$1.run()Ljava/lang/Class; (63 bytes) @ 0x0000000002befa74 [0x0000000002bef9c0+0xb4]
J 680 C1 java.net.URLClassLoader$1.run()Ljava/lang/Object; (5 bytes) @ 0x0000000002bef694 [0x0000000002bef660+0x34]
v  ~StubRoutines::call_stub
J 559  java.security.AccessController.doPrivileged(Ljava/security/PrivilegedExceptionAction;Ljava/security/AccessControlContext;)Ljava/lang/Object; (0 bytes) @ 0x0000000002bb5766 [0x0000000002bb5700+0x66]
J 624 C1 java.net.URLClassLoader.findClass(Ljava/lang/String;)Ljava/lang/Class; (47 bytes) @ 0x0000000002bd91f4 [0x0000000002bd9140+0xb4]
J 520 C1 java.lang.ClassLoader.loadClass(Ljava/lang/String;Z)Ljava/lang/Class; (122 bytes) @ 0x0000000002ba5a64 [0x0000000002ba5760+0x304]
J 587 C1 sun.misc.Launcher$AppClassLoader.loadClass(Ljava/lang/String;Z)Ljava/lang/Class; (85 bytes) @ 0x0000000002bc3d44 [0x0000000002bc3a60+0x2e4]
J 585 C1 java.lang.ClassLoader.loadClass(Ljava/lang/String;)Ljava/lang/Class; (7 bytes) @ 0x0000000002bc3724 [0x0000000002bc36e0+0x44]
v  ~StubRoutines::call_stub
j  com.fasterxml.jackson.datatype.jsr310.JavaTimeModule.<init>()V+150
v  ~StubRoutines::call_stub
J 1056  sun.reflect.NativeConstructorAccessorImpl.newInstance0(Ljava/lang/reflect/Constructor;[Ljava/lang/Object;)Ljava/lang/Object; (0 bytes) @ 0x0000000002c78126 [0x0000000002c780c0+0x66]
J 1055 C1 sun.reflect.NativeConstructorAccessorImpl.newInstance([Ljava/lang/Object;)Ljava/lang/Object; (89 bytes) @ 0x0000000002c7882c [0x0000000002c784e0+0x34c]
J 1000 C1 sun.reflect.DelegatingConstructorAccessorImpl.newInstance([Ljava/lang/Object;)Ljava/lang/Object; (9 bytes) @ 0x0000000002c67e24 [0x0000000002c67de0+0x44]
J 1087 C1 java.lang.reflect.Constructor.newInstance([Ljava/lang/Object;)Ljava/lang/Object; (87 bytes) @ 0x0000000002c8199c [0x0000000002c81880+0x11c]
j  org.springframework.beans.BeanUtils.instantiateClass(Ljava/lang/reflect/Constructor;[Ljava/lang/Object;)Ljava/lang/Object;+36
j  org.springframework.beans.BeanUtils.instantiateClass(Ljava/lang/Class;)Ljava/lang/Object;+36
j  org.springframework.http.converter.json.Jackson2ObjectMapperBuilder.registerWellKnownModulesIfAvailable(Lcom/fasterxml/jackson/databind/ObjectMapper;)V+38
j  org.springframework.http.converter.json.Jackson2ObjectMapperBuilder.configure(Lcom/fasterxml/jackson/databind/ObjectMapper;)V+37
j  org.springframework.http.converter.json.Jackson2ObjectMapperBuilder.build()Lcom/fasterxml/jackson/databind/ObjectMapper;+81
j  org.springframework.http.converter.json.MappingJackson2HttpMessageConverter.<init>()V+4
j  org.springframework.http.converter.support.AllEncompassingFormHttpMessageConverter.<init>()V+53
j  org.springframework.boot.autoconfigure.BackgroundPreinitializer$MessageConverterInitializer.run()V+4
j  org.springframework.boot.autoconfigure.BackgroundPreinitializer$1.runSafely(Ljava/lang/Runnable;)V+1
j  org.springframework.boot.autoconfigure.BackgroundPreinitializer$1.run()V+33
j  java.lang.Thread.run()V+11
v  ~StubRoutines::call_stub

---------------  P R O C E S S  ---------------

Java Threads: ( => current thread )
  0x000000001977b800 JavaThread "JMX server connection timeout 18" daemon [_thread_blocked, id=38632, stack(0x000000001ad40000,0x000000001ae40000)]
=>0x0000000019778000 JavaThread "background-preinit" [_thread_in_vm, id=53892, stack(0x000000001aa40000,0x000000001ab40000)]
  0x0000000019771800 JavaThread "RMI TCP Connection(2)-127.0.0.1" daemon [_thread_in_native, id=23084, stack(0x000000001a940000,0x000000001aa40000)]
  0x0000000019755000 JavaThread "RMI Scheduler(0)" daemon [_thread_blocked, id=23620, stack(0x000000001a840000,0x000000001a940000)]
  0x0000000019735800 JavaThread "RMI TCP Connection(1)-127.0.0.1" daemon [_thread_in_native, id=31084, stack(0x000000001a740000,0x000000001a840000)]
  0x00000000195d8800 JavaThread "RMI TCP Accept-0" daemon [_thread_in_native, id=8112, stack(0x0000000019e40000,0x0000000019f40000)]
  0x00000000195d2000 JavaThread "RMI TCP Accept-54291" daemon [_thread_in_native, id=17184, stack(0x0000000019d40000,0x0000000019e40000)]
  0x00000000195bb000 JavaThread "RMI TCP Accept-0" daemon [_thread_in_native, id=56436, stack(0x0000000019c40000,0x0000000019d40000)]
  0x000000001765e000 JavaThread "Service Thread" daemon [_thread_blocked, id=2380, stack(0x0000000019340000,0x0000000019440000)]
  0x0000000017658800 JavaThread "C1 CompilerThread2" daemon [_thread_in_native, id=35860, stack(0x0000000018e40000,0x0000000018f40000)]
  0x0000000017655800 JavaThread "C2 CompilerThread1" daemon [_thread_blocked, id=26244, stack(0x0000000018d40000,0x0000000018e40000)]
  0x0000000017602000 JavaThread "C2 CompilerThread0" daemon [_thread_blocked, id=41204, stack(0x0000000018c40000,0x0000000018d40000)]
  0x0000000017600800 JavaThread "Attach Listener" daemon [_thread_blocked, id=33968, stack(0x0000000018b40000,0x0000000018c40000)]
  0x00000000175ff800 JavaThread "Signal Dispatcher" daemon [_thread_blocked, id=41560, stack(0x0000000018a40000,0x0000000018b40000)]
  0x00000000175ea800 JavaThread "Finalizer" daemon [_thread_blocked, id=31416, stack(0x0000000018850000,0x0000000018950000)]
  0x00000000175c9000 JavaThread "Reference Handler" daemon [_thread_blocked, id=6816, stack(0x0000000018750000,0x0000000018850000)]
  0x00000000028e4800 JavaThread "main" [_thread_blocked, id=36468, stack(0x00000000027e0000,0x00000000028e0000)]

Other Threads:
  0x00000000175c7800 VMThread [stack: 0x0000000018650000,0x0000000018750000] [id=9456]
  0x00000000195da800 WatcherThread [stack: 0x0000000019f40000,0x000000001a040000] [id=28696]

VM state:synchronizing (normal execution)

VM Mutex/Monitor currently owned by a thread:  ([mutex/lock_event])
[0x00000000028e04d0] Threads_lock - owner thread: 0x00000000175c7800
[0x00000000028e19e0] Compile_lock - owner thread: 0x00000000028e4800

Heap:
 PSYoungGen      total 38400K, used 23617K [0x00000000d5580000, 0x00000000d8600000, 0x0000000100000000)
  eden space 33280K, 70% used [0x00000000d5580000,0x00000000d6c906f0,0x00000000d7600000)
  from space 5120K, 0% used [0x00000000d7600000,0x00000000d7600000,0x00000000d7b00000)
  to   space 7168K, 0% used [0x00000000d7f00000,0x00000000d7f00000,0x00000000d8600000)
 ParOldGen       total 61952K, used 5534K [0x0000000080000000, 0x0000000083c80000, 0x00000000d5580000)
  object space 61952K, 8% used [0x0000000080000000,0x00000000805679d0,0x0000000083c80000)
 Metaspace       used 18851K, capacity 19370K, committed 19712K, reserved 1071104K
  class space    used 2567K, capacity 2722K, committed 2816K, reserved 1048576K

Card table byte_map: [0x0000000011da0000,0x00000000121b0000] byte_map_base: 0x00000000119a0000

Marking Bits: (ParMarkBitMap*) 0x000000007586b6d0
 Begin Bits: [0x0000000012860000, 0x0000000014860000)
 End Bits:   [0x0000000014860000, 0x0000000016860000)

Polling page: 0x00000000026d0000

CodeCache: size=245760Kb used=3188Kb max_used=3188Kb free=242571Kb
 bounds [0x00000000029e0000, 0x0000000002d00000, 0x00000000119e0000]
 total_blobs=1817 nmethods=1429 adapters=301
 compilation: enabled

Compilation events (10 events):
Event: 2.203 Thread 0x0000000017658800 nmethod 1425 0x0000000002cfac10 code [0x0000000002cfad60, 0x0000000002cfae50]
Event: 2.203 Thread 0x0000000017658800 1426       1       java.lang.invoke.DirectMethodHandle::make (199 bytes)
Event: 2.204 Thread 0x0000000017658800 nmethod 1426 0x0000000002cfb110 code [0x0000000002cfb360, 0x0000000002cfbb48]
Event: 2.204 Thread 0x0000000017658800 1427       1       java.lang.invoke.MemberName::isField (7 bytes)
Event: 2.205 Thread 0x0000000017658800 nmethod 1427 0x0000000002cfc190 code [0x0000000002cfc2e0, 0x0000000002cfc410]
Event: 2.205 Thread 0x0000000017658800 1428       1       java.lang.invoke.InfoFromMemberName::getReferenceKind (5 bytes)
Event: 2.205 Thread 0x0000000017658800 nmethod 1428 0x0000000002cfc450 code [0x0000000002cfc5a0, 0x0000000002cfc6b0]
Event: 2.205 Thread 0x0000000017658800 1429       1       java.lang.invoke.DirectMethodHandle::preparedLambdaForm (230 bytes)
Event: 2.206 Thread 0x0000000017658800 nmethod 1429 0x0000000002cfc710 code [0x0000000002cfc900, 0x0000000002cfcd38]
Event: 2.206 Thread 0x0000000017658800 1430       1       java.lang.invoke.TypeConvertingMethodAdapter::convertType (299 bytes)

GC Heap History (10 events):
Event: 1.929 GC heap before
{Heap before GC invocations=5 (full 2):
 PSYoungGen      total 38400K, used 5036K [0x00000000d5580000, 0x00000000d8b00000, 0x0000000100000000)
  eden space 33280K, 0% used [0x00000000d5580000,0x00000000d5580000,0x00000000d7600000)
  from space 5120K, 98% used [0x00000000d7600000,0x00000000d7aeb038,0x00000000d7b00000)
  to   space 5120K, 0% used [0x00000000d7b00000,0x00000000d7b00000,0x00000000d8000000)
 ParOldGen       total 61952K, used 1804K [0x0000000080000000, 0x0000000083c80000, 0x00000000d5580000)
  object space 61952K, 2% used [0x0000000080000000,0x00000000801c32e0,0x0000000083c80000)
 Metaspace       used 15618K, capacity 16078K, committed 16256K, reserved 1071104K
  class space    used 2162K, capacity 2310K, committed 2432K, reserved 1048576K
Event: 1.958 GC heap after
Heap after GC invocations=5 (full 2):
 PSYoungGen      total 38400K, used 0K [0x00000000d5580000, 0x00000000d8b00000, 0x0000000100000000)
  eden space 33280K, 0% used [0x00000000d5580000,0x00000000d5580000,0x00000000d7600000)
  from space 5120K, 0% used [0x00000000d7600000,0x00000000d7600000,0x00000000d7b00000)
  to   space 5120K, 0% used [0x00000000d7b00000,0x00000000d7b00000,0x00000000d8000000)
 ParOldGen       total 61952K, used 6348K [0x0000000080000000, 0x0000000083c80000, 0x00000000d5580000)
  object space 61952K, 10% used [0x0000000080000000,0x0000000080633378,0x0000000083c80000)
 Metaspace       used 15616K, capacity 16072K, committed 16256K, reserved 1069056K
  class space    used 2162K, capacity 2309K, committed 2432K, reserved 1048576K
}
Event: 1.958 GC heap before
{Heap before GC invocations=6 (full 2):
 PSYoungGen      total 38400K, used 944K [0x00000000d5580000, 0x00000000d8b00000, 0x0000000100000000)
  eden space 33280K, 2% used [0x00000000d5580000,0x00000000d566c370,0x00000000d7600000)
  from space 5120K, 0% used [0x00000000d7600000,0x00000000d7600000,0x00000000d7b00000)
  to   space 5120K, 0% used [0x00000000d7b00000,0x00000000d7b00000,0x00000000d8000000)
 ParOldGen       total 61952K, used 6348K [0x0000000080000000, 0x0000000083c80000, 0x00000000d5580000)
  object space 61952K, 10% used [0x0000000080000000,0x0000000080633378,0x0000000083c80000)
 Metaspace       used 15617K, capacity 16072K, committed 16256K, reserved 1073152K
  class space    used 2162K, capacity 2309K, committed 2432K, reserved 1048576K
Event: 1.959 GC heap after
Heap after GC invocations=6 (full 2):
 PSYoungGen      total 38400K, used 64K [0x00000000d5580000, 0x00000000d8b00000, 0x0000000100000000)
  eden space 33280K, 0% used [0x00000000d5580000,0x00000000d5580000,0x00000000d7600000)
  from space 5120K, 1% used [0x00000000d7b00000,0x00000000d7b10000,0x00000000d8000000)
  to   space 5120K, 0% used [0x00000000d7600000,0x00000000d7600000,0x00000000d7b00000)
 ParOldGen       total 61952K, used 6348K [0x0000000080000000, 0x0000000083c80000, 0x00000000d5580000)
  object space 61952K, 10% used [0x0000000080000000,0x0000000080633378,0x0000000083c80000)
 Metaspace       used 15617K, capacity 16072K, committed 16256K, reserved 1073152K
  class space    used 2162K, capacity 2309K, committed 2432K, reserved 1048576K
}
Event: 1.959 GC heap before
{Heap before GC invocations=7 (full 3):
 PSYoungGen      total 38400K, used 64K [0x00000000d5580000, 0x00000000d8b00000, 0x0000000100000000)
  eden space 33280K, 0% used [0x00000000d5580000,0x00000000d5580000,0x00000000d7600000)
  from space 5120K, 1% used [0x00000000d7b00000,0x00000000d7b10000,0x00000000d8000000)
  to   space 5120K, 0% used [0x00000000d7600000,0x00000000d7600000,0x00000000d7b00000)
 ParOldGen       total 61952K, used 6348K [0x0000000080000000, 0x0000000083c80000, 0x00000000d5580000)
  object space 61952K, 10% used [0x0000000080000000,0x0000000080633378,0x0000000083c80000)
 Metaspace       used 15617K, capacity 16072K, committed 16256K, reserved 1073152K
  class space    used 2162K, capacity 2309K, committed 2432K, reserved 1048576K
Event: 1.998 GC heap after
Heap after GC invocations=7 (full 3):
 PSYoungGen      total 38400K, used 0K [0x00000000d5580000, 0x00000000d8b00000, 0x0000000100000000)
  eden space 33280K, 0% used [0x00000000d5580000,0x00000000d5580000,0x00000000d7600000)
  from space 5120K, 0% used [0x00000000d7b00000,0x00000000d7b00000,0x00000000d8000000)
  to   space 5120K, 0% used [0x00000000d7600000,0x00000000d7600000,0x00000000d7b00000)
 ParOldGen       total 61952K, used 6126K [0x0000000080000000, 0x0000000083c80000, 0x00000000d5580000)
  object space 61952K, 9% used [0x0000000080000000,0x00000000805fbbe8,0x0000000083c80000)
 Metaspace       used 15617K, capacity 16072K, committed 16256K, reserved 1069056K
  class space    used 2162K, capacity 2309K, committed 2432K, reserved 1048576K
}
Event: 1.998 GC heap before
{Heap before GC invocations=8 (full 3):
 PSYoungGen      total 38400K, used 0K [0x00000000d5580000, 0x00000000d8b00000, 0x0000000100000000)
  eden space 33280K, 0% used [0x00000000d5580000,0x00000000d5580000,0x00000000d7600000)
  from space 5120K, 0% used [0x00000000d7b00000,0x00000000d7b00000,0x00000000d8000000)
  to   space 5120K, 0% used [0x00000000d7600000,0x00000000d7600000,0x00000000d7b00000)
 ParOldGen       total 61952K, used 6126K [0x0000000080000000, 0x0000000083c80000, 0x00000000d5580000)
  object space 61952K, 9% used [0x0000000080000000,0x00000000805fbbe8,0x0000000083c80000)
 Metaspace       used 15617K, capacity 16072K, committed 16256K, reserved 1073152K
  class space    used 2162K, capacity 2309K, committed 2432K, reserved 1048576K
Event: 1.999 GC heap after
Heap after GC invocations=8 (full 3):
 PSYoungGen      total 38400K, used 0K [0x00000000d5580000, 0x00000000d8600000, 0x0000000100000000)
  eden space 33280K, 0% used [0x00000000d5580000,0x00000000d5580000,0x00000000d7600000)
  from space 5120K, 0% used [0x00000000d7600000,0x00000000d7600000,0x00000000d7b00000)
  to   space 7168K, 0% used [0x00000000d7f00000,0x00000000d7f00000,0x00000000d8600000)
 ParOldGen       total 61952K, used 6126K [0x0000000080000000, 0x0000000083c80000, 0x00000000d5580000)
  object space 61952K, 9% used [0x0000000080000000,0x00000000805fbbe8,0x0000000083c80000)
 Metaspace       used 15617K, capacity 16072K, committed 16256K, reserved 1073152K
  class space    used 2162K, capacity 2309K, committed 2432K, reserved 1048576K
}
Event: 1.999 GC heap before
{Heap before GC invocations=9 (full 4):
 PSYoungGen      total 38400K, used 0K [0x00000000d5580000, 0x00000000d8600000, 0x0000000100000000)
  eden space 33280K, 0% used [0x00000000d5580000,0x00000000d5580000,0x00000000d7600000)
  from space 5120K, 0% used [0x00000000d7600000,0x00000000d7600000,0x00000000d7b00000)
  to   space 7168K, 0% used [0x00000000d7f00000,0x00000000d7f00000,0x00000000d8600000)
 ParOldGen       total 61952K, used 6126K [0x0000000080000000, 0x0000000083c80000, 0x00000000d5580000)
  object space 61952K, 9% used [0x0000000080000000,0x00000000805fbbe8,0x0000000083c80000)
 Metaspace       used 15617K, capacity 16072K, committed 16256K, reserved 1073152K
  class space    used 2162K, capacity 2309K, committed 2432K, reserved 1048576K
Event: 2.045 GC heap after
Heap after GC invocations=9 (full 4):
 PSYoungGen      total 38400K, used 0K [0x00000000d5580000, 0x00000000d8600000, 0x0000000100000000)
  eden space 33280K, 0% used [0x00000000d5580000,0x00000000d5580000,0x00000000d7600000)
  from space 5120K, 0% used [0x00000000d7600000,0x00000000d7600000,0x00000000d7b00000)
  to   space 7168K, 0% used [0x00000000d7f00000,0x00000000d7f00000,0x00000000d8600000)
 ParOldGen       total 61952K, used 5534K [0x0000000080000000, 0x0000000083c80000, 0x00000000d5580000)
  object space 61952K, 8% used [0x0000000080000000,0x00000000805679d0,0x0000000083c80000)
 Metaspace       used 15511K, capacity 15902K, committed 16256K, reserved 1069056K
  class space    used 2143K, capacity 2276K, committed 2432K, reserved 1048576K
}

Deoptimization events (0 events):
No events

Internal exceptions (10 events):
Event: 2.194 Thread 0x00000000028e4800 Exception <a 'java/lang/ClassNotFoundException': org/springframework/beans/factory/support/BeanDefinitionRegistryPostProcessorCustomizer> (0x00000000d69df6e0) thrown at [C:\re\workspace\8-2-build-windows-amd64-cygwin\jdk8u121\8372\hotspot\src\share\vm\cla
Event: 2.195 Thread 0x00000000028e4800 Exception <a 'java/lang/ClassNotFoundException': org/springframework/beans/factory/config/BeanFactoryPostProcessorCustomizer> (0x00000000d69f4820) thrown at [C:\re\workspace\8-2-build-windows-amd64-cygwin\jdk8u121\8372\hotspot\src\share\vm\classfile\syste
Event: 2.195 Thread 0x00000000028e4800 Exception <a 'java/lang/ClassNotFoundException': org/springframework/core/PriorityOrderedCustomizer> (0x00000000d6a04290) thrown at [C:\re\workspace\8-2-build-windows-amd64-cygwin\jdk8u121\8372\hotspot\src\share\vm\classfile\systemDictionary.cpp, line 210
Event: 2.196 Thread 0x00000000028e4800 Exception <a 'java/lang/ClassNotFoundException': org/springframework/core/OrderedCustomizer> (0x00000000d6a11648) thrown at [C:\re\workspace\8-2-build-windows-amd64-cygwin\jdk8u121\8372\hotspot\src\share\vm\classfile\systemDictionary.cpp, line 210]
Event: 2.196 Thread 0x00000000028e4800 Exception <a 'java/lang/ClassNotFoundException': org/springframework/context/ResourceLoaderAwareCustomizer> (0x00000000d6a22758) thrown at [C:\re\workspace\8-2-build-windows-amd64-cygwin\jdk8u121\8372\hotspot\src\share\vm\classfile\systemDictionary.cpp, l
Event: 2.197 Thread 0x00000000028e4800 Exception <a 'java/lang/ClassNotFoundException': org/springframework/beans/factory/AwareCustomizer> (0x00000000d6a3a208) thrown at [C:\re\workspace\8-2-build-windows-amd64-cygwin\jdk8u121\8372\hotspot\src\share\vm\classfile\systemDictionary.cpp, line 210]
Event: 2.197 Thread 0x00000000028e4800 Exception <a 'java/lang/ClassNotFoundException': org/springframework/beans/factory/BeanClassLoaderAwareCustomizer> (0x00000000d6a4bdd8) thrown at [C:\re\workspace\8-2-build-windows-amd64-cygwin\jdk8u121\8372\hotspot\src\share\vm\classfile\systemDictionary
Event: 2.198 Thread 0x00000000028e4800 Exception <a 'java/lang/ClassNotFoundException': org/springframework/beans/factory/AwareCustomizer> (0x00000000d6a5baa0) thrown at [C:\re\workspace\8-2-build-windows-amd64-cygwin\jdk8u121\8372\hotspot\src\share\vm\classfile\systemDictionary.cpp, line 210]
Event: 2.199 Thread 0x00000000028e4800 Exception <a 'java/lang/ClassNotFoundException': org/springframework/context/EnvironmentAwareCustomizer> (0x00000000d6a6b600) thrown at [C:\re\workspace\8-2-build-windows-amd64-cygwin\jdk8u121\8372\hotspot\src\share\vm\classfile\systemDictionary.cpp, line
Event: 2.200 Thread 0x00000000028e4800 Exception <a 'java/lang/ClassNotFoundException': org/springframework/beans/factory/AwareCustomizer> (0x00000000d6a7b1a8) thrown at [C:\re\workspace\8-2-build-windows-amd64-cygwin\jdk8u121\8372\hotspot\src\share\vm\classfile\systemDictionary.cpp, line 210]

Events (10 events):
Event: 2.212 loading class com/fasterxml/jackson/datatype/jsr310/deser/YearMonthDeserializer
Event: 2.212 loading class com/fasterxml/jackson/datatype/jsr310/deser/YearMonthDeserializer done
Event: 2.212 loading class com/fasterxml/jackson/datatype/jsr310/ser/DurationSerializer
Event: 2.212 loading class com/fasterxml/jackson/datatype/jsr310/ser/DurationSerializer done
Event: 2.212 loading class org/springframework/context/event/EventListener
Event: 2.212 loading class org/springframework/context/event/EventListener done
Event: 2.213 loading class com/fasterxml/jackson/datatype/jsr310/ser/JSR310FormattedSerializerBase
Event: 2.213 loading class com/fasterxml/jackson/datatype/jsr310/ser/JSR310FormattedSerializerBase done
Event: 2.213 loading class org/springframework/beans/BeanMetadataAttribute
Event: 2.213 loading class org/springframework/beans/BeanMetadataAttribute done


Dynamic libraries:
0x00007ff698e80000 - 0x00007ff698eb7000 	C:\Program Files\Java\jre1.8.0_121\bin\javaw.exe
0x00007ffd71040000 - 0x00007ffd71221000 	C:\WINDOWS\SYSTEM32\ntdll.dll
0x00007ffd70990000 - 0x00007ffd70a42000 	C:\WINDOWS\System32\KERNEL32.DLL
0x00007ffd6d7d0000 - 0x00007ffd6da43000 	C:\WINDOWS\System32\KERNELBASE.dll
0x00007ffd70800000 - 0x00007ffd708a1000 	C:\WINDOWS\System32\ADVAPI32.dll
0x00007ffd70f00000 - 0x00007ffd70f9e000 	C:\WINDOWS\System32\msvcrt.dll
0x00007ffd70690000 - 0x00007ffd706eb000 	C:\WINDOWS\System32\sechost.dll
0x00007ffd6fba0000 - 0x00007ffd6fcc4000 	C:\WINDOWS\System32\RPCRT4.dll
0x00007ffd70d70000 - 0x00007ffd70f00000 	C:\WINDOWS\System32\USER32.dll
0x00007ffd6da50000 - 0x00007ffd6da70000 	C:\WINDOWS\System32\win32u.dll
0x00007ffd6e4d0000 - 0x00007ffd6e4f8000 	C:\WINDOWS\System32\GDI32.dll
0x00007ffd6d5b0000 - 0x00007ffd6d742000 	C:\WINDOWS\System32\gdi32full.dll
0x00007ffd6d410000 - 0x00007ffd6d4af000 	C:\WINDOWS\System32\msvcp_win.dll
0x00007ffd6dad0000 - 0x00007ffd6dbca000 	C:\WINDOWS\System32\ucrtbase.dll
0x00007ffd6b590000 - 0x00007ffd6b7f9000 	C:\WINDOWS\WinSxS\amd64_microsoft.windows.common-controls_6595b64144ccf1df_6.0.17134.228_none_fb4599993062b194\COMCTL32.dll
0x00007ffd6ff10000 - 0x00007ffd70233000 	C:\WINDOWS\System32\combase.dll
0x00007ffd6d750000 - 0x00007ffd6d7ca000 	C:\WINDOWS\System32\bcryptPrimitives.dll
0x00007ffd6fe30000 - 0x00007ffd6fe5d000 	C:\WINDOWS\System32\IMM32.DLL
0x00007ffd6d1f0000 - 0x00007ffd6d24d000 	C:\Program Files\Citrix\System32\MfApHook64.dll
0x00007ffd6cad0000 - 0x00007ffd6cafb000 	C:\Program Files\Citrix\ICAService\CtxDodHook64.dll
0x00007ffd6d110000 - 0x00007ffd6d142000 	C:\Program Files\Citrix\ICAService\picaFullScreenHookX64.dll
0x00007ffd6cb00000 - 0x00007ffd6cb4e000 	C:\Program Files\Citrix\ICAService\ShellHook64.dll
0x00007ffd6e760000 - 0x00007ffd6fba0000 	C:\WINDOWS\System32\SHELL32.dll
0x00007ffd6d4b0000 - 0x00007ffd6d4f9000 	C:\WINDOWS\System32\cfgmgr32.dll
0x00007ffd6fe60000 - 0x00007ffd6ff09000 	C:\WINDOWS\System32\shcore.dll
0x00007ffd6ddc0000 - 0x00007ffd6e4cd000 	C:\WINDOWS\System32\windows.storage.dll
0x00007ffd708b0000 - 0x00007ffd70901000 	C:\WINDOWS\System32\shlwapi.dll
0x00007ffd6d3f0000 - 0x00007ffd6d401000 	C:\WINDOWS\System32\kernel.appcore.dll
0x00007ffd6d3c0000 - 0x00007ffd6d3df000 	C:\WINDOWS\System32\profapi.dll
0x00007ffd6d370000 - 0x00007ffd6d3bc000 	C:\WINDOWS\System32\powrprof.dll
0x00007ffd6d3e0000 - 0x00007ffd6d3ea000 	C:\WINDOWS\System32\FLTLIB.DLL
0x00007ffd6c950000 - 0x00007ffd6cacc000 	C:\Program Files\Citrix\ICAService\SCardHook64.dll
0x00007ffd6c650000 - 0x00007ffd6c67a000 	C:\Program Files\Citrix\ICAService\cxinjime64.dll
0x00007ffd6c600000 - 0x00007ffd6c648000 	C:\Program Files\Citrix\ICAService\PicaWtsHook64.dll
0x0000000074e10000 - 0x0000000074ee2000 	C:\Program Files\Java\jre1.8.0_121\bin\msvcr100.dll
0x0000000075050000 - 0x00000000758eb000 	C:\Program Files\Java\jre1.8.0_121\bin\server\jvm.dll
0x00007ffd6e680000 - 0x00007ffd6e688000 	C:\WINDOWS\System32\PSAPI.DLL
0x00007ffd5d350000 - 0x00007ffd5d359000 	C:\WINDOWS\SYSTEM32\WSOCK32.dll
0x00007ffd70c00000 - 0x00007ffd70c6c000 	C:\WINDOWS\System32\WS2_32.dll
0x00007ffd5e6b0000 - 0x00007ffd5e6d3000 	C:\WINDOWS\SYSTEM32\WINMM.dll
0x00007ffd6d000000 - 0x00007ffd6d00a000 	C:\WINDOWS\SYSTEM32\VERSION.dll
0x00007ffd5e520000 - 0x00007ffd5e54a000 	C:\WINDOWS\SYSTEM32\winmmbase.dll
0x00000000763d0000 - 0x00000000763df000 	C:\Program Files\Java\jre1.8.0_121\bin\verify.dll
0x0000000075d20000 - 0x0000000075d49000 	C:\Program Files\Java\jre1.8.0_121\bin\java.dll
0x0000000075c00000 - 0x0000000075c16000 	C:\Program Files\Java\jre1.8.0_121\bin\zip.dll
0x0000000074ef0000 - 0x0000000074efd000 	C:\Program Files\Java\jre1.8.0_121\bin\management.dll
0x0000000074f50000 - 0x0000000074f6a000 	C:\Program Files\Java\jre1.8.0_121\bin\net.dll
0x00007ffd6c090000 - 0x00007ffd6c0f6000 	C:\WINDOWS\system32\mswsock.dll
0x0000000074f30000 - 0x0000000074f41000 	C:\Program Files\Java\jre1.8.0_121\bin\nio.dll
0x00007ffd63600000 - 0x00007ffd63616000 	C:\WINDOWS\system32\napinsp.dll
0x00007ffd635e0000 - 0x00007ffd635fa000 	C:\WINDOWS\system32\pnrpnsp.dll
0x00007ffd673e0000 - 0x00007ffd673f9000 	C:\WINDOWS\system32\NLAapi.dll
0x00007ffd6be60000 - 0x00007ffd6bf1e000 	C:\WINDOWS\SYSTEM32\DNSAPI.dll
0x00007ffd70fa0000 - 0x00007ffd70fa8000 	C:\WINDOWS\System32\NSI.dll
0x00007ffd6be20000 - 0x00007ffd6be58000 	C:\WINDOWS\SYSTEM32\IPHLPAPI.DLL
0x00007ffd63620000 - 0x00007ffd6362e000 	C:\WINDOWS\System32\winrnr.dll
0x00007ffd65480000 - 0x00007ffd6548a000 	C:\Windows\System32\rasadhlp.dll
0x00007ffd67620000 - 0x00007ffd67692000 	C:\WINDOWS\System32\fwpuclnt.dll
0x00007ffd6cbc0000 - 0x00007ffd6cbe5000 	C:\WINDOWS\SYSTEM32\bcrypt.dll
0x00007ffd6c240000 - 0x00007ffd6c257000 	C:\WINDOWS\SYSTEM32\CRYPTSP.dll
0x00007ffd6bc20000 - 0x00007ffd6bc53000 	C:\WINDOWS\system32\rsaenh.dll
0x00007ffd6d280000 - 0x00007ffd6d2a8000 	C:\WINDOWS\SYSTEM32\USERENV.dll
0x00007ffd6c260000 - 0x00007ffd6c26b000 	C:\WINDOWS\SYSTEM32\CRYPTBASE.dll
0x00007ffd67f80000 - 0x00007ffd67f96000 	C:\WINDOWS\SYSTEM32\dhcpcsvc6.DLL
0x00007ffd67f60000 - 0x00007ffd67f7a000 	C:\WINDOWS\SYSTEM32\dhcpcsvc.DLL

VM Arguments:
jvm_args: -Dcom.sun.management.jmxremote -Dcom.sun.management.jmxremote.port=54291 -Dcom.sun.management.jmxremote.authenticate=false -Dcom.sun.management.jmxremote.ssl=false -Djava.rmi.server.hostname=localhost -Dspring.liveBeansView.mbeanDomain -Dspring.application.admin.enabled=true -Xverify:none -XX:TieredStopAtLevel=1 -Dfile.encoding=UTF-8 
java_command: com.cg.server.configserver.ConfigServerApplication --spring.output.ansi.enabled=always
java_class_path (initial): C:\eureka\config-server\config-server\target\classes;C:\Users\rapola\.m2\repository\org\springframework\cloud\spring-cloud-config-server\2.0.2.RELEASE\spring-cloud-config-server-2.0.2.RELEASE.jar;C:\Users\rapola\.m2\repository\org\springframework\cloud\spring-cloud-config-client\2.0.2.RELEASE\spring-cloud-config-client-2.0.2.RELEASE.jar;C:\Users\rapola\.m2\repository\org\springframework\boot\spring-boot-autoconfigure\2.1.2.RELEASE\spring-boot-autoconfigure-2.1.2.RELEASE.jar;C:\Users\rapola\.m2\repository\org\springframework\cloud\spring-cloud-commons\2.0.2.RELEASE\spring-cloud-commons-2.0.2.RELEASE.jar;C:\Users\rapola\.m2\repository\org\springframework\cloud\spring-cloud-context\2.0.2.RELEASE\spring-cloud-context-2.0.2.RELEASE.jar;C:\Users\rapola\.m2\repository\org\springframework\spring-web\5.1.4.RELEASE\spring-web-5.1.4.RELEASE.jar;C:\Users\rapola\.m2\repository\org\springframework\spring-beans\5.1.4.RELEASE\spring-beans-5.1.4.RELEASE.jar;C:\Users\rapola\.m2\repository\com\fasterxml\jackson\core\jackson-annotations\2.9.0\jackson-annotations-2.9.0.jar;C:\Users\rapola\.m2\repository\com\fasterxml\jackson\core\jackson-databind\2.9.8\jackson-databind-2.9.8.jar;C:\Users\rapola\.m2\repository\com\fasterxml\jackson\core\jackson-core\2.9.8\jackson-core-2.9.8.jar;C:\Users\rapola\.m2\repository\org\springframework\boot\spring-boot-starter-actuator\2.1.2.RELEASE\spring-boot-starter-actuator-2.1.2.RELEASE.jar;C:\Users\rapola\.m2\repository\org\springframework\boot\spring-boot-actuator-autoconfigure\2.1.2.RELEASE\spring-boot-actuator-autoconfigure-2.1.2.RELEASE.jar;C:\Users\rapola\.m2\repository\org\springframework\boot\spring-boot-actuator\2.1.2.RELEASE\spring-boot-actuator-2.1.2.RELEASE.jar;C:\Users\rapola\.m2\repository\org\springframework\spring-context\5.1.4.RELEASE\spring-context-5.1.4.RELEASE.jar;C:\Users\rapola\.m2\repository\com\fasterxml\jackson\datatype\jackson-datatype-jsr310\2.9.8\jackson-datatype-jsr310-2.9.8.jar;C:\Users\rapola\.m2\r
Launcher Type: SUN_STANDARD

Environment Variables:
PATH=C:/Program Files/Java/jre1.8.0_121/bin/server;C:/Program Files/Java/jre1.8.0_121/bin;C:/Program Files/Java/jre1.8.0_121/lib/amd64;C:\Python34\;C:\Python34\Scripts;C:\oraclexe\app\oracle\product\11.2.0\server\bin;C:\ProgramData\Oracle\Java\javapath;C:\WINDOWS\system32;C:\WINDOWS;C:\WINDOWS\System32\Wbem;C:\WINDOWS\System32\WindowsPowerShell\v1.0\;C:\Program Files\TortoiseSVN\bin;C:\Program Files\nodejs\;C:\Program Files\Git\cmd;C:\Program Files (x86)\Microsoft SQL Server\110\Tools\Binn\ManagementStudio\;C:\Program Files (x86)\Microsoft SQL Server\110\Tools\Binn\;C:\Program Files (x86)\Microsoft SQL Server\110\DTS\Binn\;C:\Program Files\Citrix\System32\;C:\Program Files\Citrix\ICAService\;C:\WINDOWS\System32\OpenSSH\;C:\Users\rapola\AppData\Local\Microsoft\WindowsApps;;C:\Users\rapola\Desktop\spring-tool-suite-3.9.6.RELEASE-e4.9.0-win32-x86_64\sts-bundle\sts-3.9.6.RELEASE;
USERNAME=rapola
OS=Windows_NT
PROCESSOR_IDENTIFIER=Intel64 Family 15 Model 6 Stepping 1, GenuineIntel



---------------  S Y S T E M  ---------------

OS: Windows 10.0 , 64 bit Build 17134 (10.0.17134.1)

CPU:total 4 (2 cores per cpu, 1 threads per core) family 15 model 6 stepping 1, cmov, cx8, fxsr, mmx, sse, sse2, sse3, ssse3, sse4.1, sse4.2, popcnt, avx, avx2, aes, clmul, erms, rtm, 3dnowpref, lzcnt, tsc, bmi1, bmi2, adx

Memory: 4k page, physical 8388056k(1524524k free), swap 18697820k(4108k free)

vm_info: Java HotSpot(TM) 64-Bit Server VM (25.121-b13) for windows-amd64 JRE (1.8.0_121-b13), built on Dec 12 2016 18:21:36 by "java_re" with MS VC++ 10.0 (VS2010)

time: Thu Jan 24 19:38:29 2019
elapsed time: 2 seconds (0d 0h 0m 2s)

