#
# There is insufficient memory for the Java Runtime Environment to continue.
# Native memory allocation (malloc) failed to allocate 786736 bytes for Chunk::new
# Possible reasons:
#   The system is out of physical RAM or swap space
#   In 32 bit mode, the process size limit was hit
# Possible solutions:
#   Reduce memory load on the system
#   Increase physical memory or swap space
#   Check if swap backing store is full
#   Use 64 bit Java on a 64 bit OS
#   Decrease Java heap size (-Xmx/-Xms)
#   Decrease number of Java threads
#   Decrease Java thread stack sizes (-Xss)
#   Set larger code cache with -XX:ReservedCodeCacheSize=
# This output file may be truncated or incomplete.
#
#  Out of Memory Error (allocation.cpp:390), pid=18200, tid=0x00000000000028b4
#
# JRE version: Java(TM) SE Runtime Environment (8.0_121-b13) (build 1.8.0_121-b13)
# Java VM: Java HotSpot(TM) 64-Bit Server VM (25.121-b13 mixed mode windows-amd64 compressed oops)
# Failed to write core dump. Minidumps are not enabled by default on client versions of Windows
#

---------------  T H R E A D  ---------------

Current thread (0x0000000017a44800):  JavaThread "C2 CompilerThread0" daemon [_thread_in_native, id=10420, stack(0x0000000019090000,0x0000000019190000)]

Stack: [0x0000000019090000,0x0000000019190000]
[error occurred during error reporting (printing stack bounds), id 0xc0000005]

Native frames: (J=compiled Java code, j=interpreted, Vv=VM code, C=native code)


Current CompileTask:
C2:   4384 2785   !   4       java.net.URLClassLoader$1::run (63 bytes)


---------------  P R O C E S S  ---------------

Java Threads: ( => current thread )
  0x0000000019cfc000 JavaThread "JMX server connection timeout 17" daemon [_thread_blocked, id=32304, stack(0x000000001a9d0000,0x000000001aad0000)]
  0x0000000019ba8000 JavaThread "RMI TCP Connection(2)-127.0.0.1" daemon [_thread_in_native, id=27668, stack(0x000000001a790000,0x000000001a890000)]
  0x0000000019bac000 JavaThread "RMI Scheduler(0)" daemon [_thread_blocked, id=27912, stack(0x000000001a690000,0x000000001a790000)]
  0x0000000019b3f000 JavaThread "RMI TCP Connection(1)-127.0.0.1" daemon [_thread_in_native, id=23500, stack(0x000000001a590000,0x000000001a690000)]
  0x0000000019b2b800 JavaThread "RMI TCP Accept-0" daemon [_thread_in_native, id=28916, stack(0x000000001a290000,0x000000001a390000)]
  0x0000000019b24800 JavaThread "RMI TCP Accept-60896" daemon [_thread_in_native, id=55016, stack(0x000000001a190000,0x000000001a290000)]
  0x0000000019b00000 JavaThread "RMI TCP Accept-0" daemon [_thread_in_native, id=23396, stack(0x000000001a090000,0x000000001a190000)]
  0x00000000192b4000 JavaThread "Service Thread" daemon [_thread_blocked, id=43092, stack(0x0000000019790000,0x0000000019890000)]
  0x0000000019298800 JavaThread "C1 CompilerThread2" daemon [_thread_blocked, id=3572, stack(0x0000000019690000,0x0000000019790000)]
  0x0000000017a5a800 JavaThread "C2 CompilerThread1" daemon [_thread_in_native, id=18420, stack(0x0000000019190000,0x0000000019290000)]
=>0x0000000017a44800 JavaThread "C2 CompilerThread0" daemon [_thread_in_native, id=10420, stack(0x0000000019090000,0x0000000019190000)]
  0x0000000017a43800 JavaThread "Attach Listener" daemon [_thread_blocked, id=24248, stack(0x0000000018f90000,0x0000000019090000)]
  0x0000000017a42800 JavaThread "Signal Dispatcher" daemon [_thread_blocked, id=22808, stack(0x0000000018e90000,0x0000000018f90000)]
  0x0000000017a2f800 JavaThread "Finalizer" daemon [_thread_blocked, id=25348, stack(0x0000000018ca0000,0x0000000018da0000)]
  0x0000000017a09000 JavaThread "Reference Handler" daemon [_thread_blocked, id=38864, stack(0x0000000018ba0000,0x0000000018ca0000)]
  0x0000000002d24800 JavaThread "main" [_thread_in_native, id=18252, stack(0x0000000002b60000,0x0000000002c60000)]

Other Threads:
  0x0000000017a07000 VMThread [stack: 0x0000000018aa0000,0x0000000018ba0000] [id=15852]
  0x0000000019b2d800 WatcherThread [stack: 0x000000001a390000,0x000000001a490000] [id=3700]

VM state:not at safepoint (normal execution)

VM Mutex/Monitor currently owned by a thread: None

Heap:
 PSYoungGen      total 71680K, used 19314K [0x00000000d5580000, 0x00000000dc380000, 0x0000000100000000)
  eden space 66560K, 21% used [0x00000000d5580000,0x00000000d6364998,0x00000000d9680000)
  from space 5120K, 99% used [0x00000000d9680000,0x00000000d9b78020,0x00000000d9b80000)
  to   space 10752K, 0% used [0x00000000db900000,0x00000000db900000,0x00000000dc380000)
 ParOldGen       total 57856K, used 12480K [0x0000000080000000, 0x0000000083880000, 0x00000000d5580000)
  object space 57856K, 21% used [0x0000000080000000,0x0000000080c30368,0x0000000083880000)
 Metaspace       used 28797K, capacity 29800K, committed 29952K, reserved 1075200K
  class space    used 3740K, capacity 3973K, committed 4096K, reserved 1048576K

Card table byte_map: [0x00000000121e0000,0x00000000125f0000] byte_map_base: 0x0000000011de0000

Marking Bits: (ParMarkBitMap*) 0x000000007586b6d0
 Begin Bits: [0x0000000012ca0000, 0x0000000014ca0000)
 End Bits:   [0x0000000014ca0000, 0x0000000016ca0000)

Polling page: 0x0000000000ef0000

CodeCache: size=245760Kb used=9814Kb max_used=9814Kb free=235945Kb
 bounds [0x0000000002e20000, 0x00000000037c0000, 0x0000000011e20000]
 total_blobs=3282 nmethods=2864 adapters=330
 compilation: enabled

Compilation events (10 events):
Event: 4.370 Thread 0x0000000019298800 2854       3       java.util.stream.Sink::end (1 bytes)
Event: 4.370 Thread 0x0000000019298800 nmethod 2854 0x00000000037b6190 code [0x00000000037b62e0, 0x00000000037b6430]
Event: 4.370 Thread 0x0000000019298800 2855       3       java.util.ArrayList::remove (77 bytes)
Event: 4.371 Thread 0x0000000019298800 nmethod 2855 0x00000000037b6490 code [0x00000000037b6640, 0x00000000037b6b88]
Event: 4.374 Thread 0x0000000019298800 2856       1       java.util.Spliterators$ArraySpliterator::characteristics (5 bytes)
Event: 4.374 Thread 0x0000000019298800 nmethod 2856 0x00000000037b6dd0 code [0x00000000037b6f20, 0x00000000037b7030]
Event: 4.374 Thread 0x0000000019298800 2857       1       org.springframework.beans.factory.support.AbstractBeanFactory::getBeanClassLoader (5 bytes)
Event: 4.375 Thread 0x0000000019298800 nmethod 2857 0x00000000037b7090 code [0x00000000037b71e0, 0x00000000037b72f0]
Event: 4.375 Thread 0x0000000019298800 2858       3       org.springframework.boot.autoconfigure.condition.OnClassCondition::addAll (45 bytes)
Event: 4.375 Thread 0x0000000019298800 nmethod 2858 0x00000000037b7350 code [0x00000000037b7500, 0x00000000037b7a98]

GC Heap History (10 events):
Event: 2.328 GC heap before
{Heap before GC invocations=2 (full 0):
 PSYoungGen      total 38400K, used 38019K [0x00000000d5580000, 0x00000000d8000000, 0x0000000100000000)
  eden space 33280K, 100% used [0x00000000d5580000,0x00000000d7600000,0x00000000d7600000)
  from space 5120K, 92% used [0x00000000d7600000,0x00000000d7aa0d18,0x00000000d7b00000)
  to   space 5120K, 0% used [0x00000000d7b00000,0x00000000d7b00000,0x00000000d8000000)
 ParOldGen       total 87552K, used 16K [0x0000000080000000, 0x0000000085580000, 0x00000000d5580000)
  object space 87552K, 0% used [0x0000000080000000,0x0000000080004000,0x0000000085580000)
 Metaspace       used 15620K, capacity 16090K, committed 16384K, reserved 1062912K
  class space    used 2064K, capacity 2178K, committed 2304K, reserved 1048576K
Event: 2.342 GC heap after
Heap after GC invocations=2 (full 0):
 PSYoungGen      total 38400K, used 5095K [0x00000000d5580000, 0x00000000da080000, 0x0000000100000000)
  eden space 33280K, 0% used [0x00000000d5580000,0x00000000d5580000,0x00000000d7600000)
  from space 5120K, 99% used [0x00000000d7b00000,0x00000000d7ff9e98,0x00000000d8000000)
  to   space 5120K, 0% used [0x00000000d7600000,0x00000000d7600000,0x00000000d7b00000)
 ParOldGen       total 87552K, used 1424K [0x0000000080000000, 0x0000000085580000, 0x00000000d5580000)
  object space 87552K, 1% used [0x0000000080000000,0x0000000080164048,0x0000000085580000)
 Metaspace       used 15620K, capacity 16090K, committed 16384K, reserved 1062912K
  class space    used 2064K, capacity 2178K, committed 2304K, reserved 1048576K
}
Event: 2.642 GC heap before
{Heap before GC invocations=3 (full 0):
 PSYoungGen      total 38400K, used 37981K [0x00000000d5580000, 0x00000000da080000, 0x0000000100000000)
  eden space 33280K, 98% used [0x00000000d5580000,0x00000000d759d7f8,0x00000000d7600000)
  from space 5120K, 99% used [0x00000000d7b00000,0x00000000d7ff9e98,0x00000000d8000000)
  to   space 5120K, 0% used [0x00000000d7600000,0x00000000d7600000,0x00000000d7b00000)
 ParOldGen       total 87552K, used 1424K [0x0000000080000000, 0x0000000085580000, 0x00000000d5580000)
  object space 87552K, 1% used [0x0000000080000000,0x0000000080164048,0x0000000085580000)
 Metaspace       used 20633K, capacity 21156K, committed 21296K, reserved 1067008K
  class space    used 2700K, capacity 2849K, committed 2944K, reserved 1048576K
Event: 2.655 GC heap after
Heap after GC invocations=3 (full 0):
 PSYoungGen      total 38400K, used 5101K [0x00000000d5580000, 0x00000000da080000, 0x0000000100000000)
  eden space 33280K, 0% used [0x00000000d5580000,0x00000000d5580000,0x00000000d7600000)
  from space 5120K, 99% used [0x00000000d7600000,0x00000000d7afb4a8,0x00000000d7b00000)
  to   space 5120K, 0% used [0x00000000d9b80000,0x00000000d9b80000,0x00000000da080000)
 ParOldGen       total 87552K, used 5460K [0x0000000080000000, 0x0000000085580000, 0x00000000d5580000)
  object space 87552K, 6% used [0x0000000080000000,0x00000000805550e8,0x0000000085580000)
 Metaspace       used 20633K, capacity 21156K, committed 21296K, reserved 1067008K
  class space    used 2700K, capacity 2849K, committed 2944K, reserved 1048576K
}
Event: 2.655 GC heap before
{Heap before GC invocations=4 (full 1):
 PSYoungGen      total 38400K, used 5101K [0x00000000d5580000, 0x00000000da080000, 0x0000000100000000)
  eden space 33280K, 0% used [0x00000000d5580000,0x00000000d5580000,0x00000000d7600000)
  from space 5120K, 99% used [0x00000000d7600000,0x00000000d7afb4a8,0x00000000d7b00000)
  to   space 5120K, 0% used [0x00000000d9b80000,0x00000000d9b80000,0x00000000da080000)
 ParOldGen       total 87552K, used 5460K [0x0000000080000000, 0x0000000085580000, 0x00000000d5580000)
  object space 87552K, 6% used [0x0000000080000000,0x00000000805550e8,0x0000000085580000)
 Metaspace       used 20633K, capacity 21156K, committed 21296K, reserved 1067008K
  class space    used 2700K, capacity 2849K, committed 2944K, reserved 1048576K
Event: 2.691 GC heap after
Heap after GC invocations=4 (full 1):
 PSYoungGen      total 38400K, used 0K [0x00000000d5580000, 0x00000000da080000, 0x0000000100000000)
  eden space 33280K, 0% used [0x00000000d5580000,0x00000000d5580000,0x00000000d7600000)
  from space 5120K, 0% used [0x00000000d7600000,0x00000000d7600000,0x00000000d7b00000)
  to   space 5120K, 0% used [0x00000000d9b80000,0x00000000d9b80000,0x00000000da080000)
 ParOldGen       total 57856K, used 8907K [0x0000000080000000, 0x0000000083880000, 0x00000000d5580000)
  object space 57856K, 15% used [0x0000000080000000,0x00000000808b2fc0,0x0000000083880000)
 Metaspace       used 20633K, capacity 21156K, committed 21296K, reserved 1067008K
  class space    used 2700K, capacity 2849K, committed 2944K, reserved 1048576K
}
Event: 3.214 GC heap before
{Heap before GC invocations=5 (full 1):
 PSYoungGen      total 38400K, used 33280K [0x00000000d5580000, 0x00000000da080000, 0x0000000100000000)
  eden space 33280K, 100% used [0x00000000d5580000,0x00000000d7600000,0x00000000d7600000)
  from space 5120K, 0% used [0x00000000d7600000,0x00000000d7600000,0x00000000d7b00000)
  to   space 5120K, 0% used [0x00000000d9b80000,0x00000000d9b80000,0x00000000da080000)
 ParOldGen       total 57856K, used 8907K [0x0000000080000000, 0x0000000083880000, 0x00000000d5580000)
  object space 57856K, 15% used [0x0000000080000000,0x00000000808b2fc0,0x0000000083880000)
 Metaspace       used 25161K, capacity 25966K, committed 26112K, reserved 1071104K
  class space    used 3296K, capacity 3492K, committed 3584K, reserved 1048576K
Event: 3.224 GC heap after
Heap after GC invocations=5 (full 1):
 PSYoungGen      total 60416K, used 4880K [0x00000000d5580000, 0x00000000da080000, 0x0000000100000000)
  eden space 55296K, 0% used [0x00000000d5580000,0x00000000d5580000,0x00000000d8b80000)
  from space 5120K, 95% used [0x00000000d9b80000,0x00000000da044078,0x00000000da080000)
  to   space 5120K, 0% used [0x00000000d9680000,0x00000000d9680000,0x00000000d9b80000)
 ParOldGen       total 57856K, used 8979K [0x0000000080000000, 0x0000000083880000, 0x00000000d5580000)
  object space 57856K, 15% used [0x0000000080000000,0x00000000808c4fd0,0x0000000083880000)
 Metaspace       used 25161K, capacity 25966K, committed 26112K, reserved 1071104K
  class space    used 3296K, capacity 3492K, committed 3584K, reserved 1048576K
}
Event: 4.138 GC heap before
{Heap before GC invocations=6 (full 1):
 PSYoungGen      total 60416K, used 60176K [0x00000000d5580000, 0x00000000da080000, 0x0000000100000000)
  eden space 55296K, 100% used [0x00000000d5580000,0x00000000d8b80000,0x00000000d8b80000)
  from space 5120K, 95% used [0x00000000d9b80000,0x00000000da044078,0x00000000da080000)
  to   space 5120K, 0% used [0x00000000d9680000,0x00000000d9680000,0x00000000d9b80000)
 ParOldGen       total 57856K, used 8979K [0x0000000080000000, 0x0000000083880000, 0x00000000d5580000)
  object space 57856K, 15% used [0x0000000080000000,0x00000000808c4fd0,0x0000000083880000)
 Metaspace       used 27969K, capacity 28916K, committed 29184K, reserved 1075200K
  class space    used 3627K, capacity 3837K, committed 3840K, reserved 1048576K
Event: 4.158 GC heap after
Heap after GC invocations=6 (full 1):
 PSYoungGen      total 71680K, used 5088K [0x00000000d5580000, 0x00000000dc380000, 0x0000000100000000)
  eden space 66560K, 0% used [0x00000000d5580000,0x00000000d5580000,0x00000000d9680000)
  from space 5120K, 99% used [0x00000000d9680000,0x00000000d9b78020,0x00000000d9b80000)
  to   space 10752K, 0% used [0x00000000db900000,0x00000000db900000,0x00000000dc380000)
 ParOldGen       total 57856K, used 12480K [0x0000000080000000, 0x0000000083880000, 0x00000000d5580000)
  object space 57856K, 21% used [0x0000000080000000,0x0000000080c30368,0x0000000083880000)
 Metaspace       used 27969K, capacity 28916K, committed 29184K, reserved 1075200K
  class space    used 3627K, capacity 3837K, committed 3840K, reserved 1048576K
}

Deoptimization events (10 events):
Event: 3.893 Thread 0x0000000002d24800 Uncommon trap: reason=array_check action=maybe_recompile pc=0x000000000369aeec method=java.util.AbstractCollection.toArray([Ljava/lang/Object;)[Ljava/lang/Object; @ 119
Event: 3.949 Thread 0x0000000002d24800 Uncommon trap: reason=unstable_if action=reinterpret pc=0x00000000032a282c method=org.springframework.boot.context.properties.source.ConfigurationPropertyName.equals(Ljava/lang/Object;)Z @ 90
Event: 4.006 Thread 0x0000000002d24800 Uncommon trap: reason=unstable_if action=reinterpret pc=0x00000000032cfb7c method=java.util.HashMap.putVal(ILjava/lang/Object;Ljava/lang/Object;ZZ)Ljava/lang/Object; @ 236
Event: 4.039 Thread 0x0000000002d24800 Uncommon trap: reason=unstable_if action=reinterpret pc=0x00000000031365bc method=java.lang.CharacterDataLatin1.isWhitespace(I)Z @ 14
Event: 4.068 Thread 0x0000000002d24800 Uncommon trap: reason=bimorphic action=maybe_recompile pc=0x0000000003519090 method=java.util.Hashtable.get(Ljava/lang/Object;)Ljava/lang/Object; @ 45
Event: 4.073 Thread 0x0000000002d24800 Uncommon trap: reason=bimorphic action=maybe_recompile pc=0x0000000003519090 method=java.util.Hashtable.get(Ljava/lang/Object;)Ljava/lang/Object; @ 45
Event: 4.073 Thread 0x0000000002d24800 Uncommon trap: reason=bimorphic action=maybe_recompile pc=0x0000000003519090 method=java.util.Hashtable.get(Ljava/lang/Object;)Ljava/lang/Object; @ 45
Event: 4.089 Thread 0x0000000002d24800 Uncommon trap: reason=unstable_if action=reinterpret pc=0x000000000365036c method=java.security.CodeSource.getCertificates()[Ljava/security/cert/Certificate; @ 22
Event: 4.240 Thread 0x0000000002d24800 Uncommon trap: reason=unstable_if action=reinterpret pc=0x000000000376b2d4 method=sun.reflect.annotation.AnnotationParser.parseStringArray(ILjava/nio/ByteBuffer;Lsun/reflect/ConstantPool;)Ljava/lang/Object; @ 17
Event: 4.353 Thread 0x0000000002d24800 Uncommon trap: reason=bimorphic action=maybe_recompile pc=0x0000000003797230 method=org.springframework.util.StringUtils.collectionToDelimitedString(Ljava/util/Collection;Ljava/lang/String;Ljava/lang/String;Ljava/lang/String;)Ljava/lang/String; @ 20

Internal exceptions (10 events):
Event: 3.531 Thread 0x0000000002d24800 Exception <a 'java/lang/ClassNotFoundException': org/springframework/core/OrderedCustomizer> (0x00000000d5da7a70) thrown at [C:\re\workspace\8-2-build-windows-amd64-cygwin\jdk8u121\8372\hotspot\src\share\vm\classfile\systemDictionary.cpp, line 210]
Event: 3.531 Thread 0x0000000002d24800 Exception <a 'java/lang/ClassNotFoundException': org/springframework/context/ResourceLoaderAwareCustomizer> (0x00000000d5db8aa8) thrown at [C:\re\workspace\8-2-build-windows-amd64-cygwin\jdk8u121\8372\hotspot\src\share\vm\classfile\systemDictionary.cpp, l
Event: 3.531 Thread 0x0000000002d24800 Exception <a 'java/lang/ClassNotFoundException': org/springframework/beans/factory/AwareCustomizer> (0x00000000d5dc8690) thrown at [C:\re\workspace\8-2-build-windows-amd64-cygwin\jdk8u121\8372\hotspot\src\share\vm\classfile\systemDictionary.cpp, line 210]
Event: 3.532 Thread 0x0000000002d24800 Exception <a 'java/lang/ClassNotFoundException': org/springframework/beans/factory/BeanClassLoaderAwareCustomizer> (0x00000000d5dda188) thrown at [C:\re\workspace\8-2-build-windows-amd64-cygwin\jdk8u121\8372\hotspot\src\share\vm\classfile\systemDictionary
Event: 3.532 Thread 0x0000000002d24800 Exception <a 'java/lang/ClassNotFoundException': org/springframework/beans/factory/AwareCustomizer> (0x00000000d5de9e40) thrown at [C:\re\workspace\8-2-build-windows-amd64-cygwin\jdk8u121\8372\hotspot\src\share\vm\classfile\systemDictionary.cpp, line 210]
Event: 3.532 Thread 0x0000000002d24800 Exception <a 'java/lang/ClassNotFoundException': org/springframework/context/EnvironmentAwareCustomizer> (0x00000000d5df98e0) thrown at [C:\re\workspace\8-2-build-windows-amd64-cygwin\jdk8u121\8372\hotspot\src\share\vm\classfile\systemDictionary.cpp, line
Event: 3.533 Thread 0x0000000002d24800 Exception <a 'java/lang/ClassNotFoundException': org/springframework/beans/factory/AwareCustomizer> (0x00000000d5e09478) thrown at [C:\re\workspace\8-2-build-windows-amd64-cygwin\jdk8u121\8372\hotspot\src\share\vm\classfile\systemDictionary.cpp, line 210]
Event: 3.538 Thread 0x0000000002d24800 Exception <a 'java/lang/NoSuchMethodError': java.lang.Object.lambda$comparing$77a9974f$1(Ljava/util/function/Function;Ljava/lang/Object;Ljava/lang/Object;)I> (0x00000000d5e43708) thrown at [C:\re\workspace\8-2-build-windows-amd64-cygwin\jdk8u121\8372\hots
Event: 3.642 Thread 0x0000000002d24800 Exception <a 'java/lang/IncompatibleClassChangeError': Found class java.lang.Object, but interface was expected> (0x00000000d66ab320) thrown at [C:\re\workspace\8-2-build-windows-amd64-cygwin\jdk8u121\8372\hotspot\src\share\vm\interpreter\linkResolver.cpp
Event: 3.932 Thread 0x0000000019ba8000 Exception <a 'java/lang/reflect/InvocationTargetException'> (0x00000000d5882860) thrown at [C:\re\workspace\8-2-build-windows-amd64-cygwin\jdk8u121\8372\hotspot\src\share\vm\runtime\reflection.cpp, line 1092]

Events (10 events):
Event: 4.371 loading class org/springframework/cloud/autoconfigure/RefreshAutoConfiguration$RefreshScopeBeanDefinitionEnhancer
Event: 4.371 loading class org/springframework/cloud/autoconfigure/RefreshAutoConfiguration$RefreshScopeBeanDefinitionEnhancer done
Event: 4.372 loading class org/springframework/cloud/autoconfigure/RefreshAutoConfiguration
Event: 4.372 loading class org/springframework/cloud/autoconfigure/RefreshAutoConfiguration done
Event: 4.372 loading class org/springframework/cloud/logging/LoggingRebinder
Event: 4.372 loading class org/springframework/cloud/logging/LoggingRebinder done
Event: 4.373 loading class org/springframework/cloud/endpoint/event/RefreshEventListener
Event: 4.373 loading class org/springframework/cloud/endpoint/event/RefreshEventListener done
Event: 4.375 loading class org/springframework/boot/autoconfigure/cache/CacheAutoConfiguration
Event: 4.375 loading class org/springframework/boot/autoconfigure/cache/CacheAutoConfiguration done


Dynamic libraries:
0x00007ff7ec450000 - 0x00007ff7ec487000 	C:\Program Files\Java\jre1.8.0_121\bin\javaw.exe
0x00007ffd71040000 - 0x00007ffd71221000 	C:\WINDOWS\SYSTEM32\ntdll.dll
0x00007ffd70990000 - 0x00007ffd70a42000 	C:\WINDOWS\System32\KERNEL32.DLL
0x00007ffd6d7d0000 - 0x00007ffd6da43000 	C:\WINDOWS\System32\KERNELBASE.dll
0x00007ffd70800000 - 0x00007ffd708a1000 	C:\WINDOWS\System32\ADVAPI32.dll
0x00007ffd70f00000 - 0x00007ffd70f9e000 	C:\WINDOWS\System32\msvcrt.dll
0x00007ffd70690000 - 0x00007ffd706eb000 	C:\WINDOWS\System32\sechost.dll
0x00007ffd6fba0000 - 0x00007ffd6fcc4000 	C:\WINDOWS\System32\RPCRT4.dll
0x00007ffd70d70000 - 0x00007ffd70f00000 	C:\WINDOWS\System32\USER32.dll
0x00007ffd6da50000 - 0x00007ffd6da70000 	C:\WINDOWS\System32\win32u.dll
0x00007ffd6e4d0000 - 0x00007ffd6e4f8000 	C:\WINDOWS\System32\GDI32.dll
0x00007ffd6d5b0000 - 0x00007ffd6d742000 	C:\WINDOWS\System32\gdi32full.dll
0x00007ffd6d410000 - 0x00007ffd6d4af000 	C:\WINDOWS\System32\msvcp_win.dll
0x00007ffd6dad0000 - 0x00007ffd6dbca000 	C:\WINDOWS\System32\ucrtbase.dll
0x00007ffd6b590000 - 0x00007ffd6b7f9000 	C:\WINDOWS\WinSxS\amd64_microsoft.windows.common-controls_6595b64144ccf1df_6.0.17134.228_none_fb4599993062b194\COMCTL32.dll
0x00007ffd6ff10000 - 0x00007ffd70233000 	C:\WINDOWS\System32\combase.dll
0x00007ffd6d750000 - 0x00007ffd6d7ca000 	C:\WINDOWS\System32\bcryptPrimitives.dll
0x00007ffd6fe30000 - 0x00007ffd6fe5d000 	C:\WINDOWS\System32\IMM32.DLL
0x00007ffd6d1f0000 - 0x00007ffd6d24d000 	C:\Program Files\Citrix\System32\MfApHook64.dll
0x00007ffd6cad0000 - 0x00007ffd6cafb000 	C:\Program Files\Citrix\ICAService\CtxDodHook64.dll
0x00007ffd6d110000 - 0x00007ffd6d142000 	C:\Program Files\Citrix\ICAService\picaFullScreenHookX64.dll
0x00007ffd6cb00000 - 0x00007ffd6cb4e000 	C:\Program Files\Citrix\ICAService\ShellHook64.dll
0x00007ffd6e760000 - 0x00007ffd6fba0000 	C:\WINDOWS\System32\SHELL32.dll
0x00007ffd6d4b0000 - 0x00007ffd6d4f9000 	C:\WINDOWS\System32\cfgmgr32.dll
0x00007ffd6fe60000 - 0x00007ffd6ff09000 	C:\WINDOWS\System32\shcore.dll
0x00007ffd6ddc0000 - 0x00007ffd6e4cd000 	C:\WINDOWS\System32\windows.storage.dll
0x00007ffd708b0000 - 0x00007ffd70901000 	C:\WINDOWS\System32\shlwapi.dll
0x00007ffd6d3f0000 - 0x00007ffd6d401000 	C:\WINDOWS\System32\kernel.appcore.dll
0x00007ffd6d3c0000 - 0x00007ffd6d3df000 	C:\WINDOWS\System32\profapi.dll
0x00007ffd6d370000 - 0x00007ffd6d3bc000 	C:\WINDOWS\System32\powrprof.dll
0x00007ffd6d3e0000 - 0x00007ffd6d3ea000 	C:\WINDOWS\System32\FLTLIB.DLL
0x00007ffd6c950000 - 0x00007ffd6cacc000 	C:\Program Files\Citrix\ICAService\SCardHook64.dll
0x00007ffd6c650000 - 0x00007ffd6c67a000 	C:\Program Files\Citrix\ICAService\cxinjime64.dll
0x00007ffd6c600000 - 0x00007ffd6c648000 	C:\Program Files\Citrix\ICAService\PicaWtsHook64.dll
0x0000000074e10000 - 0x0000000074ee2000 	C:\Program Files\Java\jre1.8.0_121\bin\msvcr100.dll
0x0000000075050000 - 0x00000000758eb000 	C:\Program Files\Java\jre1.8.0_121\bin\server\jvm.dll
0x00007ffd6e680000 - 0x00007ffd6e688000 	C:\WINDOWS\System32\PSAPI.DLL
0x00007ffd5d350000 - 0x00007ffd5d359000 	C:\WINDOWS\SYSTEM32\WSOCK32.dll
0x00007ffd70c00000 - 0x00007ffd70c6c000 	C:\WINDOWS\System32\WS2_32.dll
0x00007ffd5e6b0000 - 0x00007ffd5e6d3000 	C:\WINDOWS\SYSTEM32\WINMM.dll
0x00007ffd6d000000 - 0x00007ffd6d00a000 	C:\WINDOWS\SYSTEM32\VERSION.dll
0x00007ffd5e520000 - 0x00007ffd5e54a000 	C:\WINDOWS\SYSTEM32\WINMMBASE.dll
0x00000000763d0000 - 0x00000000763df000 	C:\Program Files\Java\jre1.8.0_121\bin\verify.dll
0x0000000075d20000 - 0x0000000075d49000 	C:\Program Files\Java\jre1.8.0_121\bin\java.dll
0x0000000075c00000 - 0x0000000075c16000 	C:\Program Files\Java\jre1.8.0_121\bin\zip.dll
0x0000000074ef0000 - 0x0000000074efd000 	C:\Program Files\Java\jre1.8.0_121\bin\management.dll
0x0000000074f50000 - 0x0000000074f6a000 	C:\Program Files\Java\jre1.8.0_121\bin\net.dll
0x00007ffd6c090000 - 0x00007ffd6c0f6000 	C:\WINDOWS\system32\mswsock.dll
0x0000000074f30000 - 0x0000000074f41000 	C:\Program Files\Java\jre1.8.0_121\bin\nio.dll
0x00007ffd63600000 - 0x00007ffd63616000 	C:\WINDOWS\system32\napinsp.dll
0x00007ffd635e0000 - 0x00007ffd635fa000 	C:\WINDOWS\system32\pnrpnsp.dll
0x00007ffd673e0000 - 0x00007ffd673f9000 	C:\WINDOWS\system32\NLAapi.dll
0x00007ffd6be60000 - 0x00007ffd6bf1e000 	C:\WINDOWS\SYSTEM32\DNSAPI.dll
0x00007ffd70fa0000 - 0x00007ffd70fa8000 	C:\WINDOWS\System32\NSI.dll
0x00007ffd6be20000 - 0x00007ffd6be58000 	C:\WINDOWS\SYSTEM32\IPHLPAPI.DLL
0x00007ffd63620000 - 0x00007ffd6362e000 	C:\WINDOWS\System32\winrnr.dll
0x00007ffd65480000 - 0x00007ffd6548a000 	C:\Windows\System32\rasadhlp.dll
0x00007ffd67620000 - 0x00007ffd67692000 	C:\WINDOWS\System32\fwpuclnt.dll
0x00007ffd6cbc0000 - 0x00007ffd6cbe5000 	C:\WINDOWS\SYSTEM32\bcrypt.dll
0x00007ffd6c240000 - 0x00007ffd6c257000 	C:\WINDOWS\SYSTEM32\CRYPTSP.dll
0x00007ffd6bc20000 - 0x00007ffd6bc53000 	C:\WINDOWS\system32\rsaenh.dll
0x00007ffd6d280000 - 0x00007ffd6d2a8000 	C:\WINDOWS\SYSTEM32\USERENV.dll
0x00007ffd6c260000 - 0x00007ffd6c26b000 	C:\WINDOWS\SYSTEM32\CRYPTBASE.dll
0x00007ffd67f80000 - 0x00007ffd67f96000 	C:\WINDOWS\SYSTEM32\dhcpcsvc6.DLL
0x00007ffd67f60000 - 0x00007ffd67f7a000 	C:\WINDOWS\SYSTEM32\dhcpcsvc.DLL

VM Arguments:
jvm_args: -Dcom.sun.management.jmxremote -Dcom.sun.management.jmxremote.port=60896 -Dcom.sun.management.jmxremote.authenticate=false -Dcom.sun.management.jmxremote.ssl=false -Djava.rmi.server.hostname=localhost -Dspring.liveBeansView.mbeanDomain -Dspring.application.admin.enabled=true -Dfile.encoding=UTF-8 
java_command: com.cg.server.configserver.ConfigServerApplication --spring.output.ansi.enabled=always
java_class_path (initial): C:\eureka\config-server\config-server\target\classes;C:\Users\rapola\.m2\repository\org\springframework\cloud\spring-cloud-config-server\2.0.2.RELEASE\spring-cloud-config-server-2.0.2.RELEASE.jar;C:\Users\rapola\.m2\repository\org\springframework\cloud\spring-cloud-config-client\2.0.2.RELEASE\spring-cloud-config-client-2.0.2.RELEASE.jar;C:\Users\rapola\.m2\repository\org\springframework\boot\spring-boot-autoconfigure\2.1.2.RELEASE\spring-boot-autoconfigure-2.1.2.RELEASE.jar;C:\Users\rapola\.m2\repository\org\springframework\cloud\spring-cloud-commons\2.0.2.RELEASE\spring-cloud-commons-2.0.2.RELEASE.jar;C:\Users\rapola\.m2\repository\org\springframework\cloud\spring-cloud-context\2.0.2.RELEASE\spring-cloud-context-2.0.2.RELEASE.jar;C:\Users\rapola\.m2\repository\org\springframework\spring-web\5.1.4.RELEASE\spring-web-5.1.4.RELEASE.jar;C:\Users\rapola\.m2\repository\org\springframework\spring-beans\5.1.4.RELEASE\spring-beans-5.1.4.RELEASE.jar;C:\Users\rapola\.m2\repository\com\fasterxml\jackson\core\jackson-annotations\2.9.0\jackson-annotations-2.9.0.jar;C:\Users\rapola\.m2\repository\com\fasterxml\jackson\core\jackson-databind\2.9.8\jackson-databind-2.9.8.jar;C:\Users\rapola\.m2\repository\com\fasterxml\jackson\core\jackson-core\2.9.8\jackson-core-2.9.8.jar;C:\Users\rapola\.m2\repository\org\springframework\boot\spring-boot-starter-actuator\2.1.2.RELEASE\spring-boot-starter-actuator-2.1.2.RELEASE.jar;C:\Users\rapola\.m2\repository\org\springframework\boot\spring-boot-actuator-autoconfigure\2.1.2.RELEASE\spring-boot-actuator-autoconfigure-2.1.2.RELEASE.jar;C:\Users\rapola\.m2\repository\org\springframework\boot\spring-boot-actuator\2.1.2.RELEASE\spring-boot-actuator-2.1.2.RELEASE.jar;C:\Users\rapola\.m2\repository\org\springframework\spring-context\5.1.4.RELEASE\spring-context-5.1.4.RELEASE.jar;C:\Users\rapola\.m2\repository\com\fasterxml\jackson\datatype\jackson-datatype-jsr310\2.9.8\jackson-datatype-jsr310-2.9.8.jar;C:\Users\rapola\.m2\r
Launcher Type: SUN_STANDARD

Environment Variables:
PATH=C:/Program Files/Java/jre1.8.0_121/bin/server;C:/Program Files/Java/jre1.8.0_121/bin;C:/Program Files/Java/jre1.8.0_121/lib/amd64;C:\Python34\;C:\Python34\Scripts;C:\oraclexe\app\oracle\product\11.2.0\server\bin;C:\ProgramData\Oracle\Java\javapath;C:\WINDOWS\system32;C:\WINDOWS;C:\WINDOWS\System32\Wbem;C:\WINDOWS\System32\WindowsPowerShell\v1.0\;C:\Program Files\TortoiseSVN\bin;C:\Program Files\nodejs\;C:\Program Files\Git\cmd;C:\Program Files (x86)\Microsoft SQL Server\110\Tools\Binn\ManagementStudio\;C:\Program Files (x86)\Microsoft SQL Server\110\Tools\Binn\;C:\Program Files (x86)\Microsoft SQL Server\110\DTS\Binn\;C:\Program Files\Citrix\System32\;C:\Program Files\Citrix\ICAService\;C:\WINDOWS\System32\OpenSSH\;C:\Users\rapola\AppData\Local\Microsoft\WindowsApps;;C:\Users\rapola\Desktop\spring-tool-suite-3.9.6.RELEASE-e4.9.0-win32-x86_64\sts-bundle\sts-3.9.6.RELEASE;
USERNAME=rapola
OS=Windows_NT
PROCESSOR_IDENTIFIER=Intel64 Family 15 Model 6 Stepping 1, GenuineIntel



---------------  S Y S T E M  ---------------

OS: Windows 10.0 , 64 bit Build 17134 (10.0.17134.1)

CPU:total 4 (2 cores per cpu, 1 threads per core) family 15 model 6 stepping 1, cmov, cx8, fxsr, mmx, sse, sse2, sse3, ssse3, sse4.1, sse4.2, popcnt, avx, avx2, aes, clmul, erms, rtm, 3dnowpref, lzcnt, tsc, bmi1, bmi2, adx

Memory: 4k page, physical 8388056k(459952k free), swap 18697820k(3348k free)

vm_info: Java HotSpot(TM) 64-Bit Server VM (25.121-b13) for windows-amd64 JRE (1.8.0_121-b13), built on Dec 12 2016 18:21:36 by "java_re" with MS VC++ 10.0 (VS2010)

time: Wed Jan 23 17:24:06 2019
elapsed time: 4 seconds (0d 0h 0m 4s)

